<?xml version="1.0" encoding="UTF-8"?>
<!-- Generated by org.testng.reporters.JUnitReportReporter -->
<testsuite hostname="VKN-CPU-0145" failures="0" tests="3" name="com.rest.tests.GetAPIRequestWithoutBDD" time="2.165" errors="0" timestamp="2023-10-26T13:06:36 IST" skipped="0">
  <testcase classname="com.rest.tests.GetAPIRequestWithoutBDD" name="getApiTest" time="1.219"/>
  <system-out/>
  <testcase classname="com.rest.tests.GetAPIRequestWithoutBDD" name="getApiTestWithQueryParams" time="0.499"/>
  <system-out/>
  <testcase classname="com.rest.tests.GetAPIRequestWithoutBDD" name="getApiTestWithQueryParamsAsMap" time="0.447"/>
  <system-out/>
</testsuite> <!-- com.rest.tests.GetAPIRequestWithoutBDD -->
